{"/Users/agiammarchi/git/perseverant/test.js":{"path":"/Users/agiammarchi/git/perseverant/test.js","s":{"1":1,"2":1,"3":1,"4":1,"5":1,"6":1,"7":1,"8":1,"9":1,"10":1,"11":1,"12":1,"13":1,"14":1,"15":1,"16":1,"17":1,"18":1,"19":1,"20":1,"21":1,"22":1,"23":1,"24":1,"25":1,"26":1,"27":1,"28":1,"29":1,"30":1,"31":1,"32":1,"33":1,"34":1,"35":1,"36":1,"37":1,"38":1,"39":1,"40":1,"41":1,"42":1,"43":1,"44":1,"45":1,"46":1,"47":1,"48":1},"b":{"1":[1,1]},"f":{"1":1,"2":1,"3":1,"4":1,"5":1,"6":1,"7":1,"8":1,"9":1,"10":1,"11":1,"12":1,"13":1,"14":1,"15":1,"16":1,"17":1,"18":1,"19":1,"20":1,"21":1},"fnMap":{"1":{"name":"(anonymous_1)","line":7,"loc":{"start":{"line":7,"column":19},"end":{"line":7,"column":36}}},"2":{"name":"(anonymous_2)","line":11,"loc":{"start":{"line":11,"column":8},"end":{"line":11,"column":25}}},"3":{"name":"(anonymous_3)","line":13,"loc":{"start":{"line":13,"column":32},"end":{"line":13,"column":49}}},"4":{"name":"(anonymous_4)","line":16,"loc":{"start":{"line":16,"column":12},"end":{"line":16,"column":29}}},"5":{"name":"(anonymous_5)","line":19,"loc":{"start":{"line":19,"column":24},"end":{"line":19,"column":41}}},"6":{"name":"(anonymous_6)","line":23,"loc":{"start":{"line":23,"column":14},"end":{"line":23,"column":31}}},"7":{"name":"(anonymous_7)","line":25,"loc":{"start":{"line":25,"column":23},"end":{"line":25,"column":39}}},"8":{"name":"(anonymous_8)","line":28,"loc":{"start":{"line":28,"column":18},"end":{"line":28,"column":34}}},"9":{"name":"(anonymous_9)","line":31,"loc":{"start":{"line":31,"column":38},"end":{"line":31,"column":55}}},"10":{"name":"(anonymous_10)","line":33,"loc":{"start":{"line":33,"column":20},"end":{"line":33,"column":32}}},"11":{"name":"(anonymous_11)","line":36,"loc":{"start":{"line":36,"column":22},"end":{"line":36,"column":39}}},"12":{"name":"(anonymous_12)","line":38,"loc":{"start":{"line":38,"column":33},"end":{"line":38,"column":50}}},"13":{"name":"(anonymous_13)","line":41,"loc":{"start":{"line":41,"column":26},"end":{"line":41,"column":43}}},"14":{"name":"(anonymous_14)","line":43,"loc":{"start":{"line":43,"column":46},"end":{"line":43,"column":64}}},"15":{"name":"(anonymous_15)","line":45,"loc":{"start":{"line":45,"column":59},"end":{"line":45,"column":71}}},"16":{"name":"(anonymous_16)","line":46,"loc":{"start":{"line":46,"column":38},"end":{"line":46,"column":55}}},"17":{"name":"(anonymous_17)","line":48,"loc":{"start":{"line":48,"column":32},"end":{"line":48,"column":44}}},"18":{"name":"(anonymous_18)","line":49,"loc":{"start":{"line":49,"column":52},"end":{"line":49,"column":70}}},"19":{"name":"(anonymous_19)","line":62,"loc":{"start":{"line":62,"column":50},"end":{"line":62,"column":67}}},"20":{"name":"(anonymous_20)","line":64,"loc":{"start":{"line":64,"column":51},"end":{"line":64,"column":63}}},"21":{"name":"(anonymous_21)","line":70,"loc":{"start":{"line":70,"column":36},"end":{"line":70,"column":48}}}},"statementMap":{"1":{"start":{"line":1,"column":0},"end":{"line":1,"column":23}},"2":{"start":{"line":2,"column":0},"end":{"line":2,"column":27}},"3":{"start":{"line":3,"column":0},"end":{"line":3,"column":31}},"4":{"start":{"line":4,"column":0},"end":{"line":4,"column":17}},"5":{"start":{"line":6,"column":0},"end":{"line":87,"column":5}},"6":{"start":{"line":8,"column":4},"end":{"line":8,"column":33}},"7":{"start":{"line":9,"column":4},"end":{"line":9,"column":17}},"8":{"start":{"line":12,"column":4},"end":{"line":12,"column":64}},"9":{"start":{"line":13,"column":4},"end":{"line":86,"column":7}},"10":{"start":{"line":14,"column":6},"end":{"line":14,"column":34}},"11":{"start":{"line":15,"column":6},"end":{"line":15,"column":19}},"12":{"start":{"line":17,"column":6},"end":{"line":17,"column":68}},"13":{"start":{"line":18,"column":6},"end":{"line":85,"column":11}},"14":{"start":{"line":20,"column":10},"end":{"line":20,"column":38}},"15":{"start":{"line":21,"column":10},"end":{"line":21,"column":23}},"16":{"start":{"line":24,"column":10},"end":{"line":24,"column":70}},"17":{"start":{"line":25,"column":10},"end":{"line":84,"column":13}},"18":{"start":{"line":26,"column":12},"end":{"line":26,"column":51}},"19":{"start":{"line":27,"column":12},"end":{"line":27,"column":24}},"20":{"start":{"line":29,"column":12},"end":{"line":29,"column":73}},"21":{"start":{"line":30,"column":12},"end":{"line":30,"column":68}},"22":{"start":{"line":31,"column":12},"end":{"line":83,"column":15}},"23":{"start":{"line":32,"column":14},"end":{"line":32,"column":45}},"24":{"start":{"line":34,"column":14},"end":{"line":82,"column":19}},"25":{"start":{"line":37,"column":18},"end":{"line":37,"column":79}},"26":{"start":{"line":38,"column":18},"end":{"line":81,"column":21}},"27":{"start":{"line":39,"column":20},"end":{"line":39,"column":46}},"28":{"start":{"line":40,"column":20},"end":{"line":40,"column":33}},"29":{"start":{"line":42,"column":20},"end":{"line":42,"column":77}},"30":{"start":{"line":43,"column":20},"end":{"line":80,"column":23}},"31":{"start":{"line":44,"column":22},"end":{"line":44,"column":74}},"32":{"start":{"line":45,"column":22},"end":{"line":79,"column":25}},"33":{"start":{"line":46,"column":24},"end":{"line":78,"column":27}},"34":{"start":{"line":47,"column":26},"end":{"line":47,"column":57}},"35":{"start":{"line":49,"column":26},"end":{"line":77,"column":29}},"36":{"start":{"line":50,"column":28},"end":{"line":50,"column":89}},"37":{"start":{"line":51,"column":28},"end":{"line":55,"column":30}},"38":{"start":{"line":56,"column":28},"end":{"line":76,"column":29}},"39":{"start":{"line":57,"column":30},"end":{"line":57,"column":76}},"40":{"start":{"line":59,"column":30},"end":{"line":59,"column":55}},"41":{"start":{"line":60,"column":30},"end":{"line":60,"column":82}},"42":{"start":{"line":61,"column":30},"end":{"line":61,"column":113}},"43":{"start":{"line":62,"column":30},"end":{"line":75,"column":33}},"44":{"start":{"line":63,"column":32},"end":{"line":63,"column":91}},"45":{"start":{"line":64,"column":32},"end":{"line":74,"column":35}},"46":{"start":{"line":65,"column":34},"end":{"line":65,"column":67}},"47":{"start":{"line":66,"column":34},"end":{"line":73,"column":36}},"48":{"start":{"line":71,"column":38},"end":{"line":71,"column":90}}},"branchMap":{"1":{"line":52,"type":"binary-expr","locations":[{"start":{"line":52,"column":30},"end":{"line":52,"column":50}},{"start":{"line":53,"column":30},"end":{"line":53,"column":52}}]}}},"/Users/agiammarchi/git/perseverant/cjs/index.js":{"path":"/Users/agiammarchi/git/perseverant/cjs/index.js","s":{"1":1,"2":1,"3":1,"4":1,"5":1,"6":6,"7":1,"8":6,"9":6,"10":6,"11":6,"12":1,"13":5,"14":5,"15":1,"16":5,"17":3,"18":3,"19":3,"20":3,"21":3,"22":2,"23":1,"24":2,"25":2,"26":2,"27":2,"28":2,"29":0,"30":2,"31":2,"32":2,"33":2,"34":2,"35":2,"36":2,"37":2,"38":1,"39":2,"40":2,"41":3,"42":2,"43":2,"44":2,"45":6,"46":5,"47":5,"48":5,"49":0,"50":5,"51":1,"52":4,"53":4,"54":0,"55":4,"56":1,"57":7,"58":1,"59":2,"60":1,"61":2,"62":1,"63":15,"64":1,"65":15,"66":15,"67":15,"68":15,"69":1,"70":14,"71":2,"72":2,"73":0,"74":2,"75":2,"76":12,"77":12,"78":1,"79":19,"80":1,"81":9,"82":1},"b":{"1":[1,5],"2":[6,4],"3":[6,6],"4":[6,3],"5":[1,5],"6":[4,1],"7":[1,4],"8":[2,1],"9":[0,2],"10":[2,1],"11":[0,5],"12":[0,4],"13":[15,9],"14":[15,15],"15":[1,14],"16":[15,15,13],"17":[1,1],"18":[2,12],"19":[0,2],"20":[19,2]},"f":{"1":6,"2":5,"3":3,"4":3,"5":3,"6":3,"7":2,"8":2,"9":2,"10":2,"11":2,"12":2,"13":2,"14":2,"15":2,"16":2,"17":1,"18":2,"19":2,"20":3,"21":2,"22":6,"23":5,"24":5,"25":5,"26":4,"27":4,"28":7,"29":2,"30":2,"31":15,"32":15,"33":15,"34":15,"35":2,"36":19,"37":9},"fnMap":{"1":{"name":"Perseverant","line":29,"loc":{"start":{"line":29,"column":0},"end":{"line":29,"column":30}}},"2":{"name":"(anonymous_2)","line":48,"loc":{"start":{"line":48,"column":28},"end":{"line":48,"column":47}}},"3":{"name":"(anonymous_3)","line":55,"loc":{"start":{"line":55,"column":20},"end":{"line":55,"column":45}}},"4":{"name":"(anonymous_4)","line":59,"loc":{"start":{"line":59,"column":8},"end":{"line":59,"column":26}}},"5":{"name":"(anonymous_5)","line":60,"loc":{"start":{"line":60,"column":29},"end":{"line":60,"column":48}}},"6":{"name":"(anonymous_6)","line":63,"loc":{"start":{"line":63,"column":14},"end":{"line":63,"column":37}}},"7":{"name":"(anonymous_7)","line":75,"loc":{"start":{"line":75,"column":20},"end":{"line":75,"column":52}}},"8":{"name":"(anonymous_8)","line":79,"loc":{"start":{"line":79,"column":8},"end":{"line":79,"column":26}}},"9":{"name":"(anonymous_9)","line":80,"loc":{"start":{"line":80,"column":29},"end":{"line":80,"column":56}}},"10":{"name":"(anonymous_10)","line":84,"loc":{"start":{"line":84,"column":14},"end":{"line":84,"column":29}}},"11":{"name":"(anonymous_11)","line":97,"loc":{"start":{"line":97,"column":23},"end":{"line":97,"column":48}}},"12":{"name":"(anonymous_12)","line":100,"loc":{"start":{"line":100,"column":8},"end":{"line":100,"column":26}}},"13":{"name":"(anonymous_13)","line":101,"loc":{"start":{"line":101,"column":29},"end":{"line":101,"column":56}}},"14":{"name":"(anonymous_14)","line":113,"loc":{"start":{"line":113,"column":18},"end":{"line":113,"column":38}}},"15":{"name":"(anonymous_15)","line":117,"loc":{"start":{"line":117,"column":8},"end":{"line":117,"column":26}}},"16":{"name":"(anonymous_16)","line":118,"loc":{"start":{"line":118,"column":34},"end":{"line":118,"column":50}}},"17":{"name":"(anonymous_17)","line":119,"loc":{"start":{"line":119,"column":40},"end":{"line":119,"column":55}}},"18":{"name":"(anonymous_18)","line":124,"loc":{"start":{"line":124,"column":12},"end":{"line":124,"column":24}}},"19":{"name":"(anonymous_19)","line":125,"loc":{"start":{"line":125,"column":33},"end":{"line":125,"column":60}}},"20":{"name":"(anonymous_20)","line":137,"loc":{"start":{"line":137,"column":19},"end":{"line":137,"column":39}}},"21":{"name":"(anonymous_21)","line":139,"loc":{"start":{"line":139,"column":8},"end":{"line":139,"column":24}}},"22":{"name":"(anonymous_22)","line":149,"loc":{"start":{"line":149,"column":17},"end":{"line":149,"column":37}}},"23":{"name":"(anonymous_23)","line":152,"loc":{"start":{"line":152,"column":8},"end":{"line":152,"column":26}}},"24":{"name":"(anonymous_24)","line":153,"loc":{"start":{"line":153,"column":29},"end":{"line":153,"column":56}}},"25":{"name":"(anonymous_25)","line":156,"loc":{"start":{"line":156,"column":14},"end":{"line":156,"column":36}}},"26":{"name":"after","line":170,"loc":{"start":{"line":170,"column":0},"end":{"line":170,"column":32}}},"27":{"name":"(anonymous_27)","line":171,"loc":{"start":{"line":171,"column":9},"end":{"line":171,"column":24}}},"28":{"name":"asBase64","line":178,"loc":{"start":{"line":178,"column":0},"end":{"line":178,"column":23}}},"29":{"name":"asKey","line":182,"loc":{"start":{"line":182,"column":0},"end":{"line":182,"column":23}}},"30":{"name":"error","line":186,"loc":{"start":{"line":186,"column":0},"end":{"line":186,"column":20}}},"31":{"name":"exec","line":190,"loc":{"start":{"line":190,"column":0},"end":{"line":190,"column":32}}},"32":{"name":"init","line":198,"loc":{"start":{"line":198,"column":0},"end":{"line":198,"column":16}}},"33":{"name":"(anonymous_33)","line":201,"loc":{"start":{"line":201,"column":4},"end":{"line":201,"column":31}}},"34":{"name":"(anonymous_34)","line":202,"loc":{"start":{"line":202,"column":27},"end":{"line":202,"column":48}}},"35":{"name":"(anonymous_35)","line":205,"loc":{"start":{"line":205,"column":42},"end":{"line":205,"column":57}}},"36":{"name":"isError","line":222,"loc":{"start":{"line":222,"column":0},"end":{"line":222,"column":22}}},"37":{"name":"noop","line":226,"loc":{"start":{"line":226,"column":0},"end":{"line":226,"column":18}}}},"statementMap":{"1":{"start":{"line":20,"column":0},"end":{"line":20,"column":44}},"2":{"start":{"line":23,"column":0},"end":{"line":23,"column":23}},"3":{"start":{"line":24,"column":0},"end":{"line":24,"column":27}},"4":{"start":{"line":27,"column":0},"end":{"line":27,"column":31}},"5":{"start":{"line":29,"column":0},"end":{"line":41,"column":1}},"6":{"start":{"line":30,"column":2},"end":{"line":30,"column":29}},"7":{"start":{"line":30,"column":16},"end":{"line":30,"column":29}},"8":{"start":{"line":31,"column":2},"end":{"line":31,"column":65}},"9":{"start":{"line":32,"column":2},"end":{"line":32,"column":47}},"10":{"start":{"line":33,"column":2},"end":{"line":33,"column":39}},"11":{"start":{"line":34,"column":2},"end":{"line":35,"column":58}},"12":{"start":{"line":35,"column":4},"end":{"line":35,"column":58}},"13":{"start":{"line":36,"column":2},"end":{"line":39,"column":4}},"14":{"start":{"line":40,"column":2},"end":{"line":40,"column":20}},"15":{"start":{"line":43,"column":0},"end":{"line":168,"column":2}},"16":{"start":{"line":49,"column":6},"end":{"line":51,"column":8}},"17":{"start":{"line":56,"column":6},"end":{"line":56,"column":22}},"18":{"start":{"line":57,"column":6},"end":{"line":71,"column":8}},"19":{"start":{"line":60,"column":10},"end":{"line":68,"column":13}},"20":{"start":{"line":61,"column":12},"end":{"line":67,"column":14}},"21":{"start":{"line":64,"column":16},"end":{"line":65,"column":60}},"22":{"start":{"line":64,"column":25},"end":{"line":64,"column":39}},"23":{"start":{"line":65,"column":21},"end":{"line":65,"column":60}},"24":{"start":{"line":76,"column":6},"end":{"line":76,"column":22}},"25":{"start":{"line":77,"column":6},"end":{"line":93,"column":8}},"26":{"start":{"line":80,"column":10},"end":{"line":90,"column":13}},"27":{"start":{"line":81,"column":12},"end":{"line":89,"column":14}},"28":{"start":{"line":86,"column":16},"end":{"line":87,"column":36}},"29":{"start":{"line":86,"column":25},"end":{"line":86,"column":37},"skip":true},"30":{"start":{"line":87,"column":21},"end":{"line":87,"column":36}},"31":{"start":{"line":98,"column":6},"end":{"line":109,"column":8}},"32":{"start":{"line":101,"column":10},"end":{"line":106,"column":13}},"33":{"start":{"line":102,"column":12},"end":{"line":105,"column":14}},"34":{"start":{"line":114,"column":6},"end":{"line":114,"column":22}},"35":{"start":{"line":115,"column":6},"end":{"line":133,"column":8}},"36":{"start":{"line":118,"column":10},"end":{"line":130,"column":12}},"37":{"start":{"line":119,"column":12},"end":{"line":121,"column":16}},"38":{"start":{"line":120,"column":14},"end":{"line":120,"column":42}},"39":{"start":{"line":125,"column":14},"end":{"line":127,"column":17}},"40":{"start":{"line":126,"column":16},"end":{"line":126,"column":57}},"41":{"start":{"line":138,"column":6},"end":{"line":145,"column":8}},"42":{"start":{"line":140,"column":10},"end":{"line":140,"column":35}},"43":{"start":{"line":141,"column":10},"end":{"line":141,"column":37}},"44":{"start":{"line":142,"column":10},"end":{"line":142,"column":24}},"45":{"start":{"line":150,"column":6},"end":{"line":165,"column":8}},"46":{"start":{"line":153,"column":10},"end":{"line":162,"column":13}},"47":{"start":{"line":154,"column":12},"end":{"line":161,"column":14}},"48":{"start":{"line":158,"column":16},"end":{"line":159,"column":47}},"49":{"start":{"line":158,"column":25},"end":{"line":158,"column":37},"skip":true},"50":{"start":{"line":159,"column":21},"end":{"line":159,"column":47}},"51":{"start":{"line":170,"column":0},"end":{"line":176,"column":1}},"52":{"start":{"line":171,"column":2},"end":{"line":175,"column":4}},"53":{"start":{"line":173,"column":4},"end":{"line":174,"column":19}},"54":{"start":{"line":173,"column":22},"end":{"line":173,"column":34},"skip":true},"55":{"start":{"line":174,"column":9},"end":{"line":174,"column":19}},"56":{"start":{"line":178,"column":0},"end":{"line":180,"column":1}},"57":{"start":{"line":179,"column":2},"end":{"line":179,"column":45}},"58":{"start":{"line":182,"column":0},"end":{"line":184,"column":1}},"59":{"start":{"line":183,"column":2},"end":{"line":183,"column":50}},"60":{"start":{"line":186,"column":0},"end":{"line":188,"column":1}},"61":{"start":{"line":187,"column":2},"end":{"line":187,"column":12}},"62":{"start":{"line":190,"column":0},"end":{"line":196,"column":1}},"63":{"start":{"line":191,"column":2},"end":{"line":195,"column":24}},"64":{"start":{"line":198,"column":0},"end":{"line":220,"column":1}},"65":{"start":{"line":199,"column":2},"end":{"line":199,"column":18}},"66":{"start":{"line":200,"column":2},"end":{"line":219,"column":5}},"67":{"start":{"line":202,"column":6},"end":{"line":217,"column":9}},"68":{"start":{"line":203,"column":8},"end":{"line":216,"column":9}},"69":{"start":{"line":204,"column":10},"end":{"line":204,"column":69}},"70":{"start":{"line":205,"column":13},"end":{"line":216,"column":9}},"71":{"start":{"line":205,"column":22},"end":{"line":212,"column":11}},"72":{"start":{"line":207,"column":10},"end":{"line":211,"column":11}},"73":{"start":{"line":207,"column":19},"end":{"line":207,"column":31},"skip":true},"74":{"start":{"line":209,"column":12},"end":{"line":209,"column":30}},"75":{"start":{"line":210,"column":12},"end":{"line":210,"column":33}},"76":{"start":{"line":214,"column":10},"end":{"line":214,"column":28}},"77":{"start":{"line":215,"column":10},"end":{"line":215,"column":31}},"78":{"start":{"line":222,"column":0},"end":{"line":224,"column":1}},"79":{"start":{"line":223,"column":2},"end":{"line":223,"column":57}},"80":{"start":{"line":226,"column":0},"end":{"line":228,"column":1}},"81":{"start":{"line":227,"column":2},"end":{"line":227,"column":12}},"82":{"start":{"line":229,"column":0},"end":{"line":229,"column":37}}},"branchMap":{"1":{"line":30,"type":"if","locations":[{"start":{"line":30,"column":2},"end":{"line":30,"column":2}},{"start":{"line":30,"column":2},"end":{"line":30,"column":2}}]},"2":{"line":31,"type":"binary-expr","locations":[{"start":{"line":31,"column":15},"end":{"line":31,"column":29}},{"start":{"line":31,"column":33},"end":{"line":31,"column":64}}]},"3":{"line":32,"type":"binary-expr","locations":[{"start":{"line":32,"column":20},"end":{"line":32,"column":38}},{"start":{"line":32,"column":42},"end":{"line":32,"column":46}}]},"4":{"line":33,"type":"binary-expr","locations":[{"start":{"line":33,"column":14},"end":{"line":33,"column":26}},{"start":{"line":33,"column":30},"end":{"line":33,"column":38}}]},"5":{"line":34,"type":"if","locations":[{"start":{"line":34,"column":2},"end":{"line":34,"column":2}},{"start":{"line":34,"column":2},"end":{"line":34,"column":2}}]},"6":{"line":37,"type":"cond-expr","locations":[{"start":{"line":37,"column":30},"end":{"line":37,"column":36}},{"start":{"line":37,"column":39},"end":{"line":37,"column":71}}]},"7":{"line":50,"type":"cond-expr","locations":[{"start":{"line":50,"column":38},"end":{"line":50,"column":53}},{"start":{"line":50,"column":56},"end":{"line":50,"column":63}}]},"8":{"line":64,"type":"if","locations":[{"start":{"line":64,"column":16},"end":{"line":64,"column":16}},{"start":{"line":64,"column":16},"end":{"line":64,"column":16}}]},"9":{"line":86,"type":"if","locations":[{"start":{"line":86,"column":16},"end":{"line":86,"column":16},"skip":true},{"start":{"line":86,"column":16},"end":{"line":86,"column":16}}]},"10":{"line":141,"type":"binary-expr","locations":[{"start":{"line":141,"column":11},"end":{"line":141,"column":19}},{"start":{"line":141,"column":23},"end":{"line":141,"column":27}}]},"11":{"line":158,"type":"if","locations":[{"start":{"line":158,"column":16},"end":{"line":158,"column":16},"skip":true},{"start":{"line":158,"column":16},"end":{"line":158,"column":16}}]},"12":{"line":173,"type":"if","locations":[{"start":{"line":173,"column":4},"end":{"line":173,"column":4},"skip":true},{"start":{"line":173,"column":4},"end":{"line":173,"column":4}}]},"13":{"line":194,"type":"binary-expr","locations":[{"start":{"line":194,"column":16},"end":{"line":194,"column":24}},{"start":{"line":194,"column":28},"end":{"line":194,"column":32}}]},"14":{"line":200,"type":"binary-expr","locations":[{"start":{"line":200,"column":9},"end":{"line":200,"column":19}},{"start":{"line":200,"column":24},"end":{"line":219,"column":3}}]},"15":{"line":203,"type":"if","locations":[{"start":{"line":203,"column":8},"end":{"line":203,"column":8}},{"start":{"line":203,"column":8},"end":{"line":203,"column":8}}]},"16":{"line":203,"type":"binary-expr","locations":[{"start":{"line":203,"column":12},"end":{"line":203,"column":24}},{"start":{"line":203,"column":29},"end":{"line":203,"column":33}},{"start":{"line":203,"column":37},"end":{"line":203,"column":56}}]},"17":{"line":204,"type":"binary-expr","locations":[{"start":{"line":204,"column":17},"end":{"line":204,"column":20}},{"start":{"line":204,"column":24},"end":{"line":204,"column":67}}]},"18":{"line":205,"type":"if","locations":[{"start":{"line":205,"column":13},"end":{"line":205,"column":13}},{"start":{"line":205,"column":13},"end":{"line":205,"column":13}}]},"19":{"line":207,"type":"if","locations":[{"start":{"line":207,"column":10},"end":{"line":207,"column":10},"skip":true},{"start":{"line":207,"column":10},"end":{"line":207,"column":10}}]},"20":{"line":223,"type":"binary-expr","locations":[{"start":{"line":223,"column":9},"end":{"line":223,"column":14}},{"start":{"line":223,"column":18},"end":{"line":223,"column":56}}]}}}}