{"/Users/agiammarchi/git/perseverant/test.js":{"path":"/Users/agiammarchi/git/perseverant/test.js","s":{"1":1,"2":1,"3":1,"4":1,"5":1,"6":2,"7":2,"8":2,"9":2,"10":2,"11":2,"12":2,"13":2,"14":2,"15":2,"16":2,"17":2,"18":2,"19":2,"20":2,"21":2,"22":2,"23":2,"24":2,"25":2,"26":2,"27":2,"28":2,"29":2,"30":2,"31":2,"32":2,"33":2,"34":2,"35":2,"36":2,"37":2,"38":2,"39":2,"40":2,"41":2,"42":2,"43":2,"44":2,"45":2,"46":2,"47":2,"48":2,"49":2,"50":2,"51":1,"52":1},"b":{"1":[2,2],"2":[1,1]},"f":{"1":2,"2":2,"3":2,"4":2,"5":2,"6":2,"7":2,"8":2,"9":2,"10":2,"11":2,"12":2,"13":2,"14":2,"15":2,"16":2,"17":2,"18":2,"19":2,"20":2,"21":2,"22":2},"fnMap":{"1":{"name":"test","line":6,"loc":{"start":{"line":6,"column":1},"end":{"line":6,"column":24}}},"2":{"name":"(anonymous_2)","line":9,"loc":{"start":{"line":9,"column":21},"end":{"line":9,"column":38}}},"3":{"name":"(anonymous_3)","line":13,"loc":{"start":{"line":13,"column":10},"end":{"line":13,"column":27}}},"4":{"name":"(anonymous_4)","line":15,"loc":{"start":{"line":15,"column":34},"end":{"line":15,"column":51}}},"5":{"name":"(anonymous_5)","line":18,"loc":{"start":{"line":18,"column":14},"end":{"line":18,"column":31}}},"6":{"name":"(anonymous_6)","line":21,"loc":{"start":{"line":21,"column":26},"end":{"line":21,"column":43}}},"7":{"name":"(anonymous_7)","line":25,"loc":{"start":{"line":25,"column":16},"end":{"line":25,"column":33}}},"8":{"name":"(anonymous_8)","line":27,"loc":{"start":{"line":27,"column":25},"end":{"line":27,"column":41}}},"9":{"name":"(anonymous_9)","line":30,"loc":{"start":{"line":30,"column":20},"end":{"line":30,"column":36}}},"10":{"name":"(anonymous_10)","line":33,"loc":{"start":{"line":33,"column":40},"end":{"line":33,"column":57}}},"11":{"name":"(anonymous_11)","line":35,"loc":{"start":{"line":35,"column":22},"end":{"line":35,"column":34}}},"12":{"name":"(anonymous_12)","line":38,"loc":{"start":{"line":38,"column":24},"end":{"line":38,"column":41}}},"13":{"name":"(anonymous_13)","line":40,"loc":{"start":{"line":40,"column":35},"end":{"line":40,"column":52}}},"14":{"name":"(anonymous_14)","line":43,"loc":{"start":{"line":43,"column":28},"end":{"line":43,"column":45}}},"15":{"name":"(anonymous_15)","line":45,"loc":{"start":{"line":45,"column":48},"end":{"line":45,"column":66}}},"16":{"name":"(anonymous_16)","line":47,"loc":{"start":{"line":47,"column":61},"end":{"line":47,"column":73}}},"17":{"name":"(anonymous_17)","line":48,"loc":{"start":{"line":48,"column":40},"end":{"line":48,"column":57}}},"18":{"name":"(anonymous_18)","line":50,"loc":{"start":{"line":50,"column":34},"end":{"line":50,"column":46}}},"19":{"name":"(anonymous_19)","line":51,"loc":{"start":{"line":51,"column":54},"end":{"line":51,"column":72}}},"20":{"name":"(anonymous_20)","line":64,"loc":{"start":{"line":64,"column":52},"end":{"line":64,"column":69}}},"21":{"name":"(anonymous_21)","line":66,"loc":{"start":{"line":66,"column":53},"end":{"line":66,"column":65}}},"22":{"name":"(anonymous_22)","line":72,"loc":{"start":{"line":72,"column":38},"end":{"line":72,"column":50}}}},"statementMap":{"1":{"start":{"line":1,"column":0},"end":{"line":1,"column":23}},"2":{"start":{"line":2,"column":0},"end":{"line":2,"column":27}},"3":{"start":{"line":3,"column":0},"end":{"line":3,"column":31}},"4":{"start":{"line":4,"column":0},"end":{"line":4,"column":17}},"5":{"start":{"line":6,"column":0},"end":{"line":95,"column":12}},"6":{"start":{"line":8,"column":2},"end":{"line":93,"column":7}},"7":{"start":{"line":10,"column":6},"end":{"line":10,"column":35}},"8":{"start":{"line":11,"column":6},"end":{"line":11,"column":19}},"9":{"start":{"line":14,"column":6},"end":{"line":14,"column":66}},"10":{"start":{"line":15,"column":6},"end":{"line":92,"column":9}},"11":{"start":{"line":16,"column":8},"end":{"line":16,"column":36}},"12":{"start":{"line":17,"column":8},"end":{"line":17,"column":21}},"13":{"start":{"line":19,"column":8},"end":{"line":19,"column":70}},"14":{"start":{"line":20,"column":8},"end":{"line":91,"column":13}},"15":{"start":{"line":22,"column":12},"end":{"line":22,"column":40}},"16":{"start":{"line":23,"column":12},"end":{"line":23,"column":25}},"17":{"start":{"line":26,"column":12},"end":{"line":26,"column":72}},"18":{"start":{"line":27,"column":12},"end":{"line":90,"column":15}},"19":{"start":{"line":28,"column":14},"end":{"line":28,"column":53}},"20":{"start":{"line":29,"column":14},"end":{"line":29,"column":26}},"21":{"start":{"line":31,"column":14},"end":{"line":31,"column":75}},"22":{"start":{"line":32,"column":14},"end":{"line":32,"column":70}},"23":{"start":{"line":33,"column":14},"end":{"line":89,"column":17}},"24":{"start":{"line":34,"column":16},"end":{"line":34,"column":47}},"25":{"start":{"line":36,"column":16},"end":{"line":88,"column":21}},"26":{"start":{"line":39,"column":20},"end":{"line":39,"column":81}},"27":{"start":{"line":40,"column":20},"end":{"line":87,"column":23}},"28":{"start":{"line":41,"column":22},"end":{"line":41,"column":48}},"29":{"start":{"line":42,"column":22},"end":{"line":42,"column":35}},"30":{"start":{"line":44,"column":22},"end":{"line":44,"column":79}},"31":{"start":{"line":45,"column":22},"end":{"line":86,"column":25}},"32":{"start":{"line":46,"column":24},"end":{"line":46,"column":76}},"33":{"start":{"line":47,"column":24},"end":{"line":85,"column":27}},"34":{"start":{"line":48,"column":26},"end":{"line":84,"column":29}},"35":{"start":{"line":49,"column":28},"end":{"line":49,"column":59}},"36":{"start":{"line":51,"column":28},"end":{"line":83,"column":31}},"37":{"start":{"line":52,"column":30},"end":{"line":52,"column":91}},"38":{"start":{"line":53,"column":30},"end":{"line":57,"column":32}},"39":{"start":{"line":58,"column":30},"end":{"line":82,"column":31}},"40":{"start":{"line":59,"column":32},"end":{"line":59,"column":78}},"41":{"start":{"line":61,"column":32},"end":{"line":61,"column":57}},"42":{"start":{"line":62,"column":32},"end":{"line":62,"column":84}},"43":{"start":{"line":63,"column":32},"end":{"line":63,"column":115}},"44":{"start":{"line":64,"column":32},"end":{"line":81,"column":35}},"45":{"start":{"line":65,"column":34},"end":{"line":65,"column":93}},"46":{"start":{"line":66,"column":34},"end":{"line":80,"column":37}},"47":{"start":{"line":67,"column":36},"end":{"line":67,"column":69}},"48":{"start":{"line":68,"column":36},"end":{"line":79,"column":38}},"49":{"start":{"line":73,"column":40},"end":{"line":73,"column":92}},"50":{"start":{"line":74,"column":40},"end":{"line":77,"column":41}},"51":{"start":{"line":75,"column":42},"end":{"line":75,"column":60}},"52":{"start":{"line":76,"column":42},"end":{"line":76,"column":89}}},"branchMap":{"1":{"line":54,"type":"binary-expr","locations":[{"start":{"line":54,"column":32},"end":{"line":54,"column":52}},{"start":{"line":55,"column":32},"end":{"line":55,"column":54}}]},"2":{"line":74,"type":"if","locations":[{"start":{"line":74,"column":40},"end":{"line":74,"column":40}},{"start":{"line":74,"column":40},"end":{"line":74,"column":40}}]}}},"/Users/agiammarchi/git/perseverant/cjs/index.js":{"path":"/Users/agiammarchi/git/perseverant/cjs/index.js","s":{"1":1,"2":1,"3":1,"4":1,"5":1,"6":1,"7":1,"8":0,"9":1,"10":1,"11":1,"12":1,"13":12,"14":2,"15":12,"16":1,"17":0,"18":1,"19":1,"20":12,"21":12,"22":12,"23":12,"24":2,"25":10,"26":10,"27":1,"28":11,"29":6,"30":6,"31":6,"32":6,"33":6,"34":4,"35":2,"36":4,"37":4,"38":4,"39":4,"40":4,"41":0,"42":4,"43":4,"44":4,"45":4,"46":4,"47":4,"48":4,"49":4,"50":4,"51":2,"52":4,"53":4,"54":6,"55":4,"56":4,"57":4,"58":12,"59":12,"60":10,"61":10,"62":10,"63":0,"64":10,"65":1,"66":8,"67":8,"68":0,"69":8,"70":1,"71":7,"72":1,"73":4,"74":1,"75":3,"76":3,"77":3,"78":1,"79":9,"80":9,"81":9,"82":1,"83":4,"84":1,"85":30,"86":1,"87":30,"88":30,"89":30,"90":30,"91":2,"92":28,"93":4,"94":4,"95":0,"96":4,"97":4,"98":24,"99":24,"100":1,"101":38,"102":1,"103":18,"104":1},"b":{"1":[1,1],"2":[1,0],"3":[2,10],"4":[1,11],"5":[0,1],"6":[1,1],"7":[1,1],"8":[12,8],"9":[12,12],"10":[12,6],"11":[2,10],"12":[8,2],"13":[2,9],"14":[3,3],"15":[4,2],"16":[1,1],"17":[2,2],"18":[2,2],"19":[0,4],"20":[2,2],"21":[4,2],"22":[0,10],"23":[0,8],"24":[2,2],"25":[30,18],"26":[30,30],"27":[2,28],"28":[30,30,26],"29":[2,2],"30":[4,24],"31":[0,4],"32":[38,4]},"f":{"1":12,"2":11,"3":6,"4":6,"5":6,"6":6,"7":4,"8":4,"9":4,"10":4,"11":4,"12":4,"13":4,"14":4,"15":4,"16":4,"17":2,"18":4,"19":4,"20":6,"21":4,"22":12,"23":10,"24":10,"25":10,"26":8,"27":8,"28":7,"29":4,"30":3,"31":9,"32":4,"33":30,"34":30,"35":30,"36":30,"37":4,"38":38,"39":18},"fnMap":{"1":{"name":"Perseverant","line":49,"loc":{"start":{"line":49,"column":0},"end":{"line":49,"column":30}}},"2":{"name":"(anonymous_2)","line":78,"loc":{"start":{"line":78,"column":28},"end":{"line":78,"column":47}}},"3":{"name":"(anonymous_3)","line":85,"loc":{"start":{"line":85,"column":20},"end":{"line":85,"column":45}}},"4":{"name":"(anonymous_4)","line":89,"loc":{"start":{"line":89,"column":8},"end":{"line":89,"column":26}}},"5":{"name":"(anonymous_5)","line":90,"loc":{"start":{"line":90,"column":29},"end":{"line":90,"column":48}}},"6":{"name":"(anonymous_6)","line":96,"loc":{"start":{"line":96,"column":14},"end":{"line":96,"column":37}}},"7":{"name":"(anonymous_7)","line":116,"loc":{"start":{"line":116,"column":20},"end":{"line":116,"column":52}}},"8":{"name":"(anonymous_8)","line":120,"loc":{"start":{"line":120,"column":8},"end":{"line":120,"column":26}}},"9":{"name":"(anonymous_9)","line":121,"loc":{"start":{"line":121,"column":29},"end":{"line":121,"column":56}}},"10":{"name":"(anonymous_10)","line":131,"loc":{"start":{"line":131,"column":14},"end":{"line":131,"column":29}}},"11":{"name":"(anonymous_11)","line":144,"loc":{"start":{"line":144,"column":23},"end":{"line":144,"column":48}}},"12":{"name":"(anonymous_12)","line":148,"loc":{"start":{"line":148,"column":8},"end":{"line":148,"column":26}}},"13":{"name":"(anonymous_13)","line":149,"loc":{"start":{"line":149,"column":29},"end":{"line":149,"column":56}}},"14":{"name":"(anonymous_14)","line":164,"loc":{"start":{"line":164,"column":18},"end":{"line":164,"column":38}}},"15":{"name":"(anonymous_15)","line":168,"loc":{"start":{"line":168,"column":8},"end":{"line":168,"column":26}}},"16":{"name":"(anonymous_16)","line":169,"loc":{"start":{"line":169,"column":34},"end":{"line":169,"column":50}}},"17":{"name":"(anonymous_17)","line":170,"loc":{"start":{"line":170,"column":40},"end":{"line":170,"column":55}}},"18":{"name":"(anonymous_18)","line":175,"loc":{"start":{"line":175,"column":12},"end":{"line":175,"column":24}}},"19":{"name":"(anonymous_19)","line":176,"loc":{"start":{"line":176,"column":33},"end":{"line":176,"column":60}}},"20":{"name":"(anonymous_20)","line":188,"loc":{"start":{"line":188,"column":19},"end":{"line":188,"column":39}}},"21":{"name":"(anonymous_21)","line":190,"loc":{"start":{"line":190,"column":8},"end":{"line":190,"column":24}}},"22":{"name":"(anonymous_22)","line":200,"loc":{"start":{"line":200,"column":17},"end":{"line":200,"column":37}}},"23":{"name":"(anonymous_23)","line":204,"loc":{"start":{"line":204,"column":8},"end":{"line":204,"column":26}}},"24":{"name":"(anonymous_24)","line":205,"loc":{"start":{"line":205,"column":29},"end":{"line":205,"column":56}}},"25":{"name":"(anonymous_25)","line":208,"loc":{"start":{"line":208,"column":14},"end":{"line":208,"column":36}}},"26":{"name":"after","line":222,"loc":{"start":{"line":222,"column":0},"end":{"line":222,"column":32}}},"27":{"name":"(anonymous_27)","line":223,"loc":{"start":{"line":223,"column":9},"end":{"line":223,"column":24}}},"28":{"name":"asBase64","line":230,"loc":{"start":{"line":230,"column":0},"end":{"line":230,"column":23}}},"29":{"name":"asKey","line":234,"loc":{"start":{"line":234,"column":0},"end":{"line":234,"column":25}}},"30":{"name":"decrypt","line":240,"loc":{"start":{"line":240,"column":0},"end":{"line":240,"column":31}}},"31":{"name":"encrypt","line":247,"loc":{"start":{"line":247,"column":0},"end":{"line":247,"column":31}}},"32":{"name":"error","line":254,"loc":{"start":{"line":254,"column":0},"end":{"line":254,"column":20}}},"33":{"name":"exec","line":258,"loc":{"start":{"line":258,"column":0},"end":{"line":258,"column":32}}},"34":{"name":"init","line":266,"loc":{"start":{"line":266,"column":0},"end":{"line":266,"column":16}}},"35":{"name":"(anonymous_35)","line":269,"loc":{"start":{"line":269,"column":4},"end":{"line":269,"column":31}}},"36":{"name":"(anonymous_36)","line":270,"loc":{"start":{"line":270,"column":27},"end":{"line":270,"column":48}}},"37":{"name":"(anonymous_37)","line":273,"loc":{"start":{"line":273,"column":42},"end":{"line":273,"column":57}}},"38":{"name":"isError","line":290,"loc":{"start":{"line":290,"column":0},"end":{"line":290,"column":22}}},"39":{"name":"noop","line":294,"loc":{"start":{"line":294,"column":0},"end":{"line":294,"column":18}}}},"statementMap":{"1":{"start":{"line":22,"column":0},"end":{"line":22,"column":23}},"2":{"start":{"line":23,"column":0},"end":{"line":23,"column":23}},"3":{"start":{"line":24,"column":0},"end":{"line":24,"column":27}},"4":{"start":{"line":25,"column":0},"end":{"line":25,"column":20}},"5":{"start":{"line":27,"column":0},"end":{"line":32,"column":1},"skip":true},"6":{"start":{"line":28,"column":2},"end":{"line":28,"column":29},"skip":true},"7":{"start":{"line":29,"column":2},"end":{"line":29,"column":32},"skip":true},"8":{"start":{"line":31,"column":2},"end":{"line":31,"column":15},"skip":true},"9":{"start":{"line":35,"column":0},"end":{"line":41,"column":14}},"10":{"start":{"line":44,"column":0},"end":{"line":44,"column":31}},"11":{"start":{"line":47,"column":0},"end":{"line":47,"column":28}},"12":{"start":{"line":49,"column":0},"end":{"line":71,"column":1}},"13":{"start":{"line":50,"column":2},"end":{"line":50,"column":29}},"14":{"start":{"line":50,"column":16},"end":{"line":50,"column":29}},"15":{"start":{"line":51,"column":2},"end":{"line":60,"column":3}},"16":{"start":{"line":53,"column":4},"end":{"line":54,"column":59}},"17":{"start":{"line":54,"column":6},"end":{"line":54,"column":59},"skip":true},"18":{"start":{"line":55,"column":4},"end":{"line":58,"column":7}},"19":{"start":{"line":59,"column":4},"end":{"line":59,"column":26}},"20":{"start":{"line":61,"column":2},"end":{"line":61,"column":64}},"21":{"start":{"line":62,"column":2},"end":{"line":62,"column":47}},"22":{"start":{"line":63,"column":2},"end":{"line":63,"column":39}},"23":{"start":{"line":64,"column":2},"end":{"line":65,"column":58}},"24":{"start":{"line":65,"column":4},"end":{"line":65,"column":58}},"25":{"start":{"line":66,"column":2},"end":{"line":69,"column":4}},"26":{"start":{"line":70,"column":2},"end":{"line":70,"column":20}},"27":{"start":{"line":73,"column":0},"end":{"line":220,"column":2}},"28":{"start":{"line":79,"column":6},"end":{"line":81,"column":8}},"29":{"start":{"line":86,"column":6},"end":{"line":86,"column":22}},"30":{"start":{"line":87,"column":6},"end":{"line":112,"column":8}},"31":{"start":{"line":90,"column":10},"end":{"line":109,"column":13}},"32":{"start":{"line":91,"column":12},"end":{"line":108,"column":14}},"33":{"start":{"line":97,"column":16},"end":{"line":106,"column":20}},"34":{"start":{"line":98,"column":18},"end":{"line":98,"column":32}},"35":{"start":{"line":100,"column":18},"end":{"line":106,"column":20}},"36":{"start":{"line":117,"column":6},"end":{"line":117,"column":22}},"37":{"start":{"line":118,"column":6},"end":{"line":140,"column":8}},"38":{"start":{"line":121,"column":10},"end":{"line":137,"column":13}},"39":{"start":{"line":122,"column":12},"end":{"line":136,"column":14}},"40":{"start":{"line":133,"column":16},"end":{"line":134,"column":36}},"41":{"start":{"line":133,"column":25},"end":{"line":133,"column":37},"skip":true},"42":{"start":{"line":134,"column":21},"end":{"line":134,"column":36}},"43":{"start":{"line":145,"column":6},"end":{"line":145,"column":22}},"44":{"start":{"line":146,"column":6},"end":{"line":160,"column":8}},"45":{"start":{"line":149,"column":10},"end":{"line":157,"column":13}},"46":{"start":{"line":150,"column":12},"end":{"line":156,"column":14}},"47":{"start":{"line":165,"column":6},"end":{"line":165,"column":22}},"48":{"start":{"line":166,"column":6},"end":{"line":184,"column":8}},"49":{"start":{"line":169,"column":10},"end":{"line":181,"column":12}},"50":{"start":{"line":170,"column":12},"end":{"line":172,"column":16}},"51":{"start":{"line":171,"column":14},"end":{"line":171,"column":42}},"52":{"start":{"line":176,"column":14},"end":{"line":178,"column":17}},"53":{"start":{"line":177,"column":16},"end":{"line":177,"column":57}},"54":{"start":{"line":189,"column":6},"end":{"line":196,"column":8}},"55":{"start":{"line":191,"column":10},"end":{"line":191,"column":35}},"56":{"start":{"line":192,"column":10},"end":{"line":192,"column":37}},"57":{"start":{"line":193,"column":10},"end":{"line":193,"column":24}},"58":{"start":{"line":201,"column":6},"end":{"line":201,"column":22}},"59":{"start":{"line":202,"column":6},"end":{"line":217,"column":8}},"60":{"start":{"line":205,"column":10},"end":{"line":214,"column":13}},"61":{"start":{"line":206,"column":12},"end":{"line":213,"column":14}},"62":{"start":{"line":210,"column":16},"end":{"line":211,"column":53}},"63":{"start":{"line":210,"column":25},"end":{"line":210,"column":37},"skip":true},"64":{"start":{"line":211,"column":21},"end":{"line":211,"column":53}},"65":{"start":{"line":222,"column":0},"end":{"line":228,"column":1}},"66":{"start":{"line":223,"column":2},"end":{"line":227,"column":4}},"67":{"start":{"line":225,"column":4},"end":{"line":226,"column":19}},"68":{"start":{"line":225,"column":22},"end":{"line":225,"column":34},"skip":true},"69":{"start":{"line":226,"column":9},"end":{"line":226,"column":19}},"70":{"start":{"line":230,"column":0},"end":{"line":232,"column":1}},"71":{"start":{"line":231,"column":2},"end":{"line":231,"column":45}},"72":{"start":{"line":234,"column":0},"end":{"line":238,"column":1}},"73":{"start":{"line":235,"column":2},"end":{"line":237,"column":53}},"74":{"start":{"line":240,"column":0},"end":{"line":245,"column":1}},"75":{"start":{"line":241,"column":2},"end":{"line":241,"column":33}},"76":{"start":{"line":242,"column":2},"end":{"line":242,"column":67}},"77":{"start":{"line":243,"column":2},"end":{"line":244,"column":34}},"78":{"start":{"line":247,"column":0},"end":{"line":252,"column":1}},"79":{"start":{"line":248,"column":2},"end":{"line":248,"column":33}},"80":{"start":{"line":249,"column":2},"end":{"line":249,"column":63}},"81":{"start":{"line":250,"column":2},"end":{"line":251,"column":31}},"82":{"start":{"line":254,"column":0},"end":{"line":256,"column":1}},"83":{"start":{"line":255,"column":2},"end":{"line":255,"column":12}},"84":{"start":{"line":258,"column":0},"end":{"line":264,"column":1}},"85":{"start":{"line":259,"column":2},"end":{"line":263,"column":24}},"86":{"start":{"line":266,"column":0},"end":{"line":288,"column":1}},"87":{"start":{"line":267,"column":2},"end":{"line":267,"column":18}},"88":{"start":{"line":268,"column":2},"end":{"line":287,"column":5}},"89":{"start":{"line":270,"column":6},"end":{"line":285,"column":9}},"90":{"start":{"line":271,"column":8},"end":{"line":284,"column":9}},"91":{"start":{"line":272,"column":10},"end":{"line":272,"column":69}},"92":{"start":{"line":273,"column":13},"end":{"line":284,"column":9}},"93":{"start":{"line":273,"column":22},"end":{"line":280,"column":11}},"94":{"start":{"line":275,"column":10},"end":{"line":279,"column":11}},"95":{"start":{"line":275,"column":19},"end":{"line":275,"column":31},"skip":true},"96":{"start":{"line":277,"column":12},"end":{"line":277,"column":30}},"97":{"start":{"line":278,"column":12},"end":{"line":278,"column":33}},"98":{"start":{"line":282,"column":10},"end":{"line":282,"column":28}},"99":{"start":{"line":283,"column":10},"end":{"line":283,"column":31}},"100":{"start":{"line":290,"column":0},"end":{"line":292,"column":1}},"101":{"start":{"line":291,"column":2},"end":{"line":291,"column":57}},"102":{"start":{"line":294,"column":0},"end":{"line":296,"column":1}},"103":{"start":{"line":295,"column":2},"end":{"line":295,"column":12}},"104":{"start":{"line":297,"column":0},"end":{"line":297,"column":37}}},"branchMap":{"1":{"line":35,"type":"binary-expr","locations":[{"start":{"line":35,"column":12},"end":{"line":35,"column":39}},{"start":{"line":36,"column":12},"end":{"line":41,"column":13}}]},"2":{"line":37,"type":"binary-expr","locations":[{"start":{"line":37,"column":14},"end":{"line":37,"column":26}},{"start":{"line":39,"column":14},"end":{"line":39,"column":25},"skip":true}]},"3":{"line":50,"type":"if","locations":[{"start":{"line":50,"column":2},"end":{"line":50,"column":2}},{"start":{"line":50,"column":2},"end":{"line":50,"column":2}}]},"4":{"line":51,"type":"if","locations":[{"start":{"line":51,"column":2},"end":{"line":51,"column":2}},{"start":{"line":51,"column":2},"end":{"line":51,"column":2}}]},"5":{"line":53,"type":"if","locations":[{"start":{"line":53,"column":4},"end":{"line":53,"column":4},"skip":true},{"start":{"line":53,"column":4},"end":{"line":53,"column":4}}]},"6":{"line":53,"type":"binary-expr","locations":[{"start":{"line":53,"column":24},"end":{"line":53,"column":38}},{"start":{"line":53,"column":42},"end":{"line":53,"column":50}}]},"7":{"line":57,"type":"binary-expr","locations":[{"start":{"line":57,"column":14},"end":{"line":57,"column":28}},{"start":{"line":57,"column":32},"end":{"line":57,"column":40}}]},"8":{"line":61,"type":"binary-expr","locations":[{"start":{"line":61,"column":15},"end":{"line":61,"column":29}},{"start":{"line":61,"column":33},"end":{"line":61,"column":63}}]},"9":{"line":62,"type":"binary-expr","locations":[{"start":{"line":62,"column":20},"end":{"line":62,"column":38}},{"start":{"line":62,"column":42},"end":{"line":62,"column":46}}]},"10":{"line":63,"type":"binary-expr","locations":[{"start":{"line":63,"column":14},"end":{"line":63,"column":26}},{"start":{"line":63,"column":30},"end":{"line":63,"column":38}}]},"11":{"line":64,"type":"if","locations":[{"start":{"line":64,"column":2},"end":{"line":64,"column":2}},{"start":{"line":64,"column":2},"end":{"line":64,"column":2}}]},"12":{"line":67,"type":"cond-expr","locations":[{"start":{"line":67,"column":30},"end":{"line":67,"column":36}},{"start":{"line":67,"column":39},"end":{"line":67,"column":71}}]},"13":{"line":80,"type":"cond-expr","locations":[{"start":{"line":80,"column":38},"end":{"line":80,"column":53}},{"start":{"line":80,"column":56},"end":{"line":80,"column":63}}]},"14":{"line":94,"type":"cond-expr","locations":[{"start":{"line":94,"column":33},"end":{"line":94,"column":51}},{"start":{"line":94,"column":54},"end":{"line":94,"column":67}}]},"15":{"line":97,"type":"if","locations":[{"start":{"line":97,"column":16},"end":{"line":97,"column":16}},{"start":{"line":97,"column":16},"end":{"line":97,"column":16}}]},"16":{"line":102,"type":"cond-expr","locations":[{"start":{"line":103,"column":24},"end":{"line":103,"column":45}},{"start":{"line":104,"column":24},"end":{"line":104,"column":30}}]},"17":{"line":125,"type":"cond-expr","locations":[{"start":{"line":125,"column":33},"end":{"line":125,"column":51}},{"start":{"line":125,"column":54},"end":{"line":125,"column":67}}]},"18":{"line":127,"type":"cond-expr","locations":[{"start":{"line":128,"column":16},"end":{"line":128,"column":63}},{"start":{"line":129,"column":16},"end":{"line":129,"column":48}}]},"19":{"line":133,"type":"if","locations":[{"start":{"line":133,"column":16},"end":{"line":133,"column":16},"skip":true},{"start":{"line":133,"column":16},"end":{"line":133,"column":16}}]},"20":{"line":153,"type":"cond-expr","locations":[{"start":{"line":153,"column":33},"end":{"line":153,"column":51}},{"start":{"line":153,"column":54},"end":{"line":153,"column":67}}]},"21":{"line":192,"type":"binary-expr","locations":[{"start":{"line":192,"column":11},"end":{"line":192,"column":19}},{"start":{"line":192,"column":23},"end":{"line":192,"column":27}}]},"22":{"line":210,"type":"if","locations":[{"start":{"line":210,"column":16},"end":{"line":210,"column":16},"skip":true},{"start":{"line":210,"column":16},"end":{"line":210,"column":16}}]},"23":{"line":225,"type":"if","locations":[{"start":{"line":225,"column":4},"end":{"line":225,"column":4},"skip":true},{"start":{"line":225,"column":4},"end":{"line":225,"column":4}}]},"24":{"line":235,"type":"cond-expr","locations":[{"start":{"line":236,"column":10},"end":{"line":236,"column":33}},{"start":{"line":237,"column":10},"end":{"line":237,"column":52}}]},"25":{"line":262,"type":"binary-expr","locations":[{"start":{"line":262,"column":16},"end":{"line":262,"column":24}},{"start":{"line":262,"column":28},"end":{"line":262,"column":32}}]},"26":{"line":268,"type":"binary-expr","locations":[{"start":{"line":268,"column":9},"end":{"line":268,"column":19}},{"start":{"line":268,"column":24},"end":{"line":287,"column":3}}]},"27":{"line":271,"type":"if","locations":[{"start":{"line":271,"column":8},"end":{"line":271,"column":8}},{"start":{"line":271,"column":8},"end":{"line":271,"column":8}}]},"28":{"line":271,"type":"binary-expr","locations":[{"start":{"line":271,"column":12},"end":{"line":271,"column":24}},{"start":{"line":271,"column":29},"end":{"line":271,"column":33}},{"start":{"line":271,"column":37},"end":{"line":271,"column":56}}]},"29":{"line":272,"type":"binary-expr","locations":[{"start":{"line":272,"column":17},"end":{"line":272,"column":20}},{"start":{"line":272,"column":24},"end":{"line":272,"column":67}}]},"30":{"line":273,"type":"if","locations":[{"start":{"line":273,"column":13},"end":{"line":273,"column":13}},{"start":{"line":273,"column":13},"end":{"line":273,"column":13}}]},"31":{"line":275,"type":"if","locations":[{"start":{"line":275,"column":10},"end":{"line":275,"column":10},"skip":true},{"start":{"line":275,"column":10},"end":{"line":275,"column":10}}]},"32":{"line":291,"type":"binary-expr","locations":[{"start":{"line":291,"column":9},"end":{"line":291,"column":14}},{"start":{"line":291,"column":18},"end":{"line":291,"column":56}}]}}}}