TN:
SF:/Users/agiammarchi/git/perseverant/test.js
FN:7,(anonymous_1)
FN:11,(anonymous_2)
FN:13,(anonymous_3)
FN:16,(anonymous_4)
FN:19,(anonymous_5)
FN:23,(anonymous_6)
FN:25,(anonymous_7)
FN:28,(anonymous_8)
FN:31,(anonymous_9)
FN:33,(anonymous_10)
FN:36,(anonymous_11)
FN:38,(anonymous_12)
FN:41,(anonymous_13)
FN:43,(anonymous_14)
FN:45,(anonymous_15)
FN:46,(anonymous_16)
FN:48,(anonymous_17)
FN:49,(anonymous_18)
FN:62,(anonymous_19)
FN:64,(anonymous_20)
FN:70,(anonymous_21)
FNF:21
FNH:21
FNDA:1,(anonymous_1)
FNDA:1,(anonymous_2)
FNDA:1,(anonymous_3)
FNDA:1,(anonymous_4)
FNDA:1,(anonymous_5)
FNDA:1,(anonymous_6)
FNDA:1,(anonymous_7)
FNDA:1,(anonymous_8)
FNDA:1,(anonymous_9)
FNDA:1,(anonymous_10)
FNDA:1,(anonymous_11)
FNDA:1,(anonymous_12)
FNDA:1,(anonymous_13)
FNDA:1,(anonymous_14)
FNDA:1,(anonymous_15)
FNDA:1,(anonymous_16)
FNDA:1,(anonymous_17)
FNDA:1,(anonymous_18)
FNDA:1,(anonymous_19)
FNDA:1,(anonymous_20)
FNDA:1,(anonymous_21)
DA:1,1
DA:2,1
DA:3,1
DA:4,1
DA:6,1
DA:8,1
DA:9,1
DA:12,1
DA:13,1
DA:14,1
DA:15,1
DA:17,1
DA:18,1
DA:20,1
DA:21,1
DA:24,1
DA:25,1
DA:26,1
DA:27,1
DA:29,1
DA:30,1
DA:31,1
DA:32,1
DA:34,1
DA:37,1
DA:38,1
DA:39,1
DA:40,1
DA:42,1
DA:43,1
DA:44,1
DA:45,1
DA:46,1
DA:47,1
DA:49,1
DA:50,1
DA:51,1
DA:56,1
DA:57,1
DA:59,1
DA:60,1
DA:61,1
DA:62,1
DA:63,1
DA:64,1
DA:65,1
DA:66,1
DA:71,1
LF:48
LH:48
BRDA:52,1,0,1
BRDA:52,1,1,1
BRF:2
BRH:2
end_of_record
TN:
SF:/Users/agiammarchi/git/perseverant/cjs/index.js
FN:36,Perseverant
FN:55,(anonymous_2)
FN:62,(anonymous_3)
FN:66,(anonymous_4)
FN:67,(anonymous_5)
FN:70,(anonymous_6)
FN:82,(anonymous_7)
FN:86,(anonymous_8)
FN:87,(anonymous_9)
FN:91,(anonymous_10)
FN:104,(anonymous_11)
FN:107,(anonymous_12)
FN:108,(anonymous_13)
FN:120,(anonymous_14)
FN:124,(anonymous_15)
FN:125,(anonymous_16)
FN:126,(anonymous_17)
FN:131,(anonymous_18)
FN:132,(anonymous_19)
FN:144,(anonymous_20)
FN:146,(anonymous_21)
FN:156,(anonymous_22)
FN:159,(anonymous_23)
FN:160,(anonymous_24)
FN:163,(anonymous_25)
FN:177,after
FN:178,(anonymous_27)
FN:185,asBase64
FN:189,asKey
FN:193,error
FN:197,exec
FN:205,init
FN:208,(anonymous_33)
FN:209,(anonymous_34)
FN:212,(anonymous_35)
FN:229,isError
FN:233,noop
FNF:37
FNH:37
FNDA:6,Perseverant
FNDA:5,(anonymous_2)
FNDA:3,(anonymous_3)
FNDA:3,(anonymous_4)
FNDA:3,(anonymous_5)
FNDA:3,(anonymous_6)
FNDA:2,(anonymous_7)
FNDA:2,(anonymous_8)
FNDA:2,(anonymous_9)
FNDA:2,(anonymous_10)
FNDA:2,(anonymous_11)
FNDA:2,(anonymous_12)
FNDA:2,(anonymous_13)
FNDA:2,(anonymous_14)
FNDA:2,(anonymous_15)
FNDA:2,(anonymous_16)
FNDA:1,(anonymous_17)
FNDA:2,(anonymous_18)
FNDA:2,(anonymous_19)
FNDA:3,(anonymous_20)
FNDA:2,(anonymous_21)
FNDA:6,(anonymous_22)
FNDA:5,(anonymous_23)
FNDA:5,(anonymous_24)
FNDA:5,(anonymous_25)
FNDA:4,after
FNDA:4,(anonymous_27)
FNDA:7,asBase64
FNDA:2,asKey
FNDA:2,error
FNDA:15,exec
FNDA:15,init
FNDA:15,(anonymous_33)
FNDA:15,(anonymous_34)
FNDA:2,(anonymous_35)
FNDA:19,isError
FNDA:9,noop
DA:20,1
DA:21,1
DA:22,1
DA:25,1
DA:34,1
DA:36,1
DA:37,6
DA:38,6
DA:39,6
DA:40,6
DA:41,6
DA:42,1
DA:43,5
DA:47,5
DA:50,1
DA:56,5
DA:63,3
DA:64,3
DA:67,3
DA:68,3
DA:71,3
DA:72,1
DA:83,2
DA:84,2
DA:87,2
DA:88,2
DA:93,2
DA:94,2
DA:105,2
DA:108,2
DA:109,2
DA:121,2
DA:122,2
DA:125,2
DA:126,2
DA:127,1
DA:132,2
DA:133,2
DA:145,3
DA:147,2
DA:148,2
DA:149,2
DA:157,6
DA:160,5
DA:161,5
DA:165,5
DA:166,5
DA:177,1
DA:178,4
DA:180,4
DA:181,4
DA:185,1
DA:186,7
DA:189,1
DA:190,2
DA:193,1
DA:194,2
DA:197,1
DA:198,15
DA:205,1
DA:206,15
DA:207,15
DA:209,15
DA:210,15
DA:211,1
DA:212,14
DA:214,2
DA:216,2
DA:217,2
DA:221,12
DA:222,12
DA:229,1
DA:230,19
DA:233,1
DA:234,9
DA:236,1
LF:76
LH:76
BRDA:25,1,0,1
BRDA:25,1,1,1
BRDA:27,2,0,1
BRDA:27,2,1,0
BRDA:37,3,0,1
BRDA:37,3,1,5
BRDA:38,4,0,6
BRDA:38,4,1,4
BRDA:39,5,0,6
BRDA:39,5,1,6
BRDA:40,6,0,6
BRDA:40,6,1,3
BRDA:41,7,0,1
BRDA:41,7,1,5
BRDA:44,8,0,4
BRDA:44,8,1,1
BRDA:57,9,0,1
BRDA:57,9,1,4
BRDA:71,10,0,2
BRDA:71,10,1,1
BRDA:93,11,0,0
BRDA:93,11,1,2
BRDA:148,12,0,2
BRDA:148,12,1,1
BRDA:165,13,0,0
BRDA:165,13,1,5
BRDA:180,14,0,0
BRDA:180,14,1,4
BRDA:201,15,0,15
BRDA:201,15,1,9
BRDA:207,16,0,15
BRDA:207,16,1,15
BRDA:210,17,0,1
BRDA:210,17,1,14
BRDA:210,18,0,15
BRDA:210,18,1,15
BRDA:210,18,2,13
BRDA:211,19,0,1
BRDA:211,19,1,1
BRDA:212,20,0,2
BRDA:212,20,1,12
BRDA:214,21,0,0
BRDA:214,21,1,2
BRDA:230,22,0,19
BRDA:230,22,1,2
BRF:45
BRH:45
end_of_record
