TN:
SF:/Users/agiammarchi/git/perseverant/test.js
FN:7,(anonymous_1)
FN:11,(anonymous_2)
FN:13,(anonymous_3)
FN:16,(anonymous_4)
FN:19,(anonymous_5)
FN:23,(anonymous_6)
FN:25,(anonymous_7)
FN:28,(anonymous_8)
FN:31,(anonymous_9)
FN:33,(anonymous_10)
FN:36,(anonymous_11)
FN:38,(anonymous_12)
FN:41,(anonymous_13)
FN:43,(anonymous_14)
FN:45,(anonymous_15)
FN:46,(anonymous_16)
FN:48,(anonymous_17)
FN:49,(anonymous_18)
FN:63,(anonymous_19)
FN:65,(anonymous_20)
FN:71,(anonymous_21)
FN:74,(anonymous_22)
FNF:22
FNH:21
FNDA:1,(anonymous_1)
FNDA:1,(anonymous_2)
FNDA:1,(anonymous_3)
FNDA:1,(anonymous_4)
FNDA:1,(anonymous_5)
FNDA:1,(anonymous_6)
FNDA:1,(anonymous_7)
FNDA:1,(anonymous_8)
FNDA:1,(anonymous_9)
FNDA:1,(anonymous_10)
FNDA:1,(anonymous_11)
FNDA:1,(anonymous_12)
FNDA:1,(anonymous_13)
FNDA:1,(anonymous_14)
FNDA:1,(anonymous_15)
FNDA:1,(anonymous_16)
FNDA:1,(anonymous_17)
FNDA:1,(anonymous_18)
FNDA:1,(anonymous_19)
FNDA:1,(anonymous_20)
FNDA:0,(anonymous_21)
FNDA:1,(anonymous_22)
DA:1,1
DA:2,1
DA:3,1
DA:4,1
DA:6,1
DA:8,1
DA:9,1
DA:12,1
DA:13,1
DA:14,1
DA:15,1
DA:17,1
DA:18,1
DA:20,1
DA:21,1
DA:24,1
DA:25,1
DA:26,1
DA:27,1
DA:29,1
DA:30,1
DA:31,1
DA:32,1
DA:34,1
DA:37,1
DA:38,1
DA:39,1
DA:40,1
DA:42,1
DA:43,1
DA:44,1
DA:45,1
DA:46,1
DA:47,1
DA:49,1
DA:50,1
DA:51,1
DA:56,1
DA:57,1
DA:58,0
DA:60,1
DA:61,1
DA:62,1
DA:63,1
DA:64,1
DA:65,1
DA:66,1
DA:67,1
DA:72,0
DA:75,1
LF:50
LH:48
BRDA:52,1,0,1
BRDA:52,1,1,1
BRF:2
BRH:2
end_of_record
TN:
SF:/Users/agiammarchi/git/perseverant/cjs/index.js
FN:29,Perseverant
FN:48,(anonymous_2)
FN:55,(anonymous_3)
FN:59,(anonymous_4)
FN:60,(anonymous_5)
FN:63,(anonymous_6)
FN:75,(anonymous_7)
FN:79,(anonymous_8)
FN:80,(anonymous_9)
FN:93,(anonymous_10)
FN:96,(anonymous_11)
FN:97,(anonymous_12)
FN:109,(anonymous_13)
FN:113,(anonymous_14)
FN:114,(anonymous_15)
FN:115,(anonymous_16)
FN:120,(anonymous_17)
FN:121,(anonymous_18)
FN:133,(anonymous_19)
FN:135,(anonymous_20)
FN:145,(anonymous_21)
FN:148,(anonymous_22)
FN:149,(anonymous_23)
FN:152,(anonymous_24)
FN:165,after
FN:167,(anonymous_26)
FN:173,asBase64
FN:177,asKey
FN:181,error
FN:185,exec
FN:193,init
FN:196,(anonymous_32)
FN:197,(anonymous_33)
FN:200,(anonymous_34)
FN:216,isError
FN:220,noop
FNF:36
FNH:36
FNDA:6,Perseverant
FNDA:5,(anonymous_2)
FNDA:3,(anonymous_3)
FNDA:3,(anonymous_4)
FNDA:3,(anonymous_5)
FNDA:3,(anonymous_6)
FNDA:2,(anonymous_7)
FNDA:2,(anonymous_8)
FNDA:2,(anonymous_9)
FNDA:2,(anonymous_10)
FNDA:2,(anonymous_11)
FNDA:2,(anonymous_12)
FNDA:2,(anonymous_13)
FNDA:2,(anonymous_14)
FNDA:2,(anonymous_15)
FNDA:1,(anonymous_16)
FNDA:2,(anonymous_17)
FNDA:2,(anonymous_18)
FNDA:3,(anonymous_19)
FNDA:2,(anonymous_20)
FNDA:6,(anonymous_21)
FNDA:5,(anonymous_22)
FNDA:5,(anonymous_23)
FNDA:5,(anonymous_24)
FNDA:6,after
FNDA:6,(anonymous_26)
FNDA:7,asBase64
FNDA:2,asKey
FNDA:2,error
FNDA:15,exec
FNDA:15,init
FNDA:15,(anonymous_32)
FNDA:15,(anonymous_33)
FNDA:2,(anonymous_34)
FNDA:26,isError
FNDA:9,noop
DA:20,1
DA:23,1
DA:24,1
DA:27,1
DA:29,1
DA:30,6
DA:31,6
DA:32,6
DA:33,6
DA:34,6
DA:35,1
DA:36,5
DA:40,5
DA:43,1
DA:49,5
DA:56,3
DA:57,3
DA:60,3
DA:61,3
DA:64,3
DA:65,1
DA:76,2
DA:77,2
DA:80,2
DA:81,2
DA:94,2
DA:97,2
DA:98,2
DA:110,2
DA:111,2
DA:114,2
DA:115,2
DA:116,1
DA:121,2
DA:122,2
DA:134,3
DA:136,2
DA:137,2
DA:138,2
DA:146,6
DA:149,5
DA:150,5
DA:153,5
DA:154,5
DA:165,1
DA:166,6
DA:167,6
DA:168,6
DA:169,6
DA:173,1
DA:174,7
DA:177,1
DA:178,2
DA:181,1
DA:182,2
DA:185,1
DA:186,15
DA:193,1
DA:194,15
DA:195,15
DA:197,15
DA:198,15
DA:199,1
DA:200,14
DA:201,2
DA:203,2
DA:204,2
DA:208,12
DA:209,12
DA:216,1
DA:217,26
DA:220,1
DA:221,9
DA:223,1
LF:74
LH:74
BRDA:30,1,0,1
BRDA:30,1,1,5
BRDA:31,2,0,6
BRDA:31,2,1,4
BRDA:32,3,0,6
BRDA:32,3,1,6
BRDA:33,4,0,6
BRDA:33,4,1,3
BRDA:34,5,0,1
BRDA:34,5,1,5
BRDA:37,6,0,4
BRDA:37,6,1,1
BRDA:50,7,0,1
BRDA:50,7,1,4
BRDA:64,8,0,2
BRDA:64,8,1,1
BRDA:137,9,0,2
BRDA:137,9,1,1
BRDA:153,10,0,0
BRDA:153,10,1,5
BRDA:166,11,0,4
BRDA:166,11,1,2
BRDA:168,12,0,0
BRDA:168,12,1,6
BRDA:189,13,0,15
BRDA:189,13,1,9
BRDA:195,14,0,15
BRDA:195,14,1,15
BRDA:198,15,0,1
BRDA:198,15,1,14
BRDA:198,16,0,15
BRDA:198,16,1,15
BRDA:198,16,2,13
BRDA:199,17,0,1
BRDA:199,17,1,1
BRDA:200,18,0,2
BRDA:200,18,1,12
BRDA:201,19,0,0
BRDA:201,19,1,2
BRDA:217,20,0,26
BRDA:217,20,1,2
BRF:41
BRH:38
end_of_record
